<?xml version="1.0" ?>
<testsuites>
  <testsuite name="Suite-0" tests="0" failures="1" errors="0" skipped="0" time="0.2">
    <testcase name="0: INFO:log_info:Hello" classname="Suite-0" time="0.123"/>
  </testsuite>
  <testsuite name="Suite-1" tests="0" failures="1" errors="0" skipped="0" time="0.2">
    <testcase name="1: INFO:log_info:List of available jobs:" classname="Suite-1" time="0.123">
      <failure message="Failed test1" type="AssertionError">more detail about failure-1.</failure>
    </testcase>
  </testsuite>
  <testsuite name="Suite-2" tests="0" failures="1" errors="0" skipped="0" time="0.2">
    <testcase name="2: INFO:log_info:-------------------------" classname="Suite-2" time="0.123"/>
  </testsuite>
  <testsuite name="Suite-3" tests="0" failures="1" errors="0" skipped="0" time="0.2">
    <testcase name="3: INFO:log_info:artifact" classname="Suite-3" time="0.123">
      <failure message="Failed test3" type="AssertionError">more detail about failure-3.</failure>
    </testcase>
  </testsuite>
  <testsuite name="Suite-4" tests="0" failures="1" errors="0" skipped="0" time="0.2">
    <testcase name="4: INFO:log_info:artifact_freestyle" classname="Suite-4" time="0.123"/>
  </testsuite>
  <testsuite name="Suite-5" tests="0" failures="1" errors="0" skipped="0" time="0.2">
    <testcase name="5: INFO:log_info:build_detail2" classname="Suite-5" time="0.123">
      <failure message="Failed test5" type="AssertionError">more detail about failure-5.</failure>
    </testcase>
  </testsuite>
  <testsuite name="Suite-6" tests="0" failures="1" errors="0" skipped="0" time="0.2">
    <testcase name="6: INFO:log_info:build_details" classname="Suite-6" time="0.123">
      <skipped message="this test 6 was skipped by user"/>
    </testcase>
  </testsuite>
  <testsuite name="Suite-7" tests="0" failures="1" errors="0" skipped="0" time="0.2">
    <testcase name="7: INFO:log_info:build_details1" classname="Suite-7" time="0.123">
      <failure message="Failed test7" type="AssertionError">more detail about failure-7.</failure>
    </testcase>
  </testsuite>
  <testsuite name="Suite-8" tests="0" failures="1" errors="0" skipped="0" time="0.2">
    <testcase name="8: INFO:log_info:Demo" classname="Suite-8" time="0.123">
      <skipped message="this test 8 was skipped by user"/>
    </testcase>
  </testsuite>
  <testsuite name="Suite-9" tests="0" failures="1" errors="0" skipped="0" time="0.2">
    <testcase name="9: INFO:log_info:dev" classname="Suite-9" time="0.123">
      <failure message="Failed test9" type="AssertionError">more detail about failure-9.</failure>
    </testcase>
  </testsuite>
</testsuites>
